<?xml version="1.0" encoding="UTF-8"?>
<coverage generated="1656042609">
  <project timestamp="1656042609">
    <file name="/home/runner/work/DtoDragon/DtoDragon/src/DataTransferObject.php">
      <class name="DtoDragon\DataTransferObject" namespace="global">
        <metrics complexity="1" methods="1" coveredmethods="0" conditionals="0" coveredconditionals="0" statements="1" coveredstatements="0" elements="2" coveredelements="0"/>
      </class>
      <line num="22" type="method" name="__construct" visibility="public" complexity="1" crap="2" count="0"/>
      <line num="24" type="stmt" count="0"/>
      <metrics loc="27" ncloc="14" classes="1" methods="1" coveredmethods="0" conditionals="0" coveredconditionals="0" statements="1" coveredstatements="0" elements="2" coveredelements="0"/>
    </file>
    <file name="/home/runner/work/DtoDragon/DtoDragon/src/DataTransferObjectCollection.php">
      <class name="DtoDragon\DataTransferObjectCollection" namespace="global">
        <metrics complexity="9" methods="8" coveredmethods="7" conditionals="0" coveredconditionals="0" statements="12" coveredstatements="8" elements="20" coveredelements="15"/>
      </class>
      <line num="36" type="method" name="__construct" visibility="public" complexity="1" crap="1" count="7"/>
      <line num="38" type="stmt" count="7"/>
      <line num="39" type="stmt" count="7"/>
      <line num="54" type="method" name="current" visibility="public" complexity="1" crap="1" count="1"/>
      <line num="56" type="stmt" count="1"/>
      <line num="64" type="method" name="next" visibility="public" complexity="1" crap="1" count="5"/>
      <line num="66" type="stmt" count="5"/>
      <line num="74" type="method" name="key" visibility="public" complexity="1" crap="1" count="2"/>
      <line num="76" type="stmt" count="2"/>
      <line num="84" type="method" name="valid" visibility="public" complexity="1" crap="1" count="1"/>
      <line num="86" type="stmt" count="1"/>
      <line num="94" type="method" name="rewind" visibility="public" complexity="1" crap="1" count="1"/>
      <line num="96" type="stmt" count="1"/>
      <line num="104" type="method" name="items" visibility="public" complexity="1" crap="1" count="2"/>
      <line num="106" type="stmt" count="2"/>
      <line num="114" type="method" name="toArray" visibility="public" complexity="2" crap="6" count="0"/>
      <line num="116" type="stmt" count="0"/>
      <line num="117" type="stmt" count="0"/>
      <line num="118" type="stmt" count="0"/>
      <line num="120" type="stmt" count="0"/>
      <metrics loc="123" ncloc="60" classes="1" methods="8" coveredmethods="7" conditionals="0" coveredconditionals="0" statements="12" coveredstatements="8" elements="20" coveredelements="15"/>
    </file>
    <file name="/home/runner/work/DtoDragon/DtoDragon/src/Services/DtoReflector.php">
      <class name="DtoDragon\Services\DtoReflector" namespace="global">
        <metrics complexity="6" methods="6" coveredmethods="5" conditionals="0" coveredconditionals="0" statements="10" coveredstatements="9" elements="16" coveredelements="14"/>
      </class>
      <line num="35" type="method" name="__construct" visibility="public" complexity="1" crap="1" count="6"/>
      <line num="37" type="stmt" count="6"/>
      <line num="38" type="stmt" count="6"/>
      <line num="46" type="method" name="getDto" visibility="public" complexity="1" crap="2" count="0"/>
      <line num="48" type="stmt" count="0"/>
      <line num="54" type="method" name="getProperties" visibility="public" complexity="1" crap="1" count="6"/>
      <line num="56" type="stmt" count="6"/>
      <line num="57" type="stmt" count="6"/>
      <line num="64" type="method" name="getPropertyValue" visibility="public" complexity="1" crap="1" count="2"/>
      <line num="66" type="stmt" count="2"/>
      <line num="67" type="stmt" count="2"/>
      <line num="73" type="method" name="setPropertyValue" visibility="public" complexity="1" crap="1" count="1"/>
      <line num="75" type="stmt" count="1"/>
      <line num="76" type="stmt" count="1"/>
      <line num="86" type="method" name="propertyIsNullable" visibility="public" complexity="1" crap="1" count="1"/>
      <line num="88" type="stmt" count="1"/>
      <metrics loc="91" ncloc="50" classes="1" methods="6" coveredmethods="5" conditionals="0" coveredconditionals="0" statements="10" coveredstatements="9" elements="16" coveredelements="14"/>
    </file>
    <file name="/home/runner/work/DtoDragon/DtoDragon/src/Services/DtoReflectorFactory.php">
      <class name="DtoDragon\Services\DtoReflectorFactory" namespace="global">
        <metrics complexity="1" methods="1" coveredmethods="1" conditionals="0" coveredconditionals="0" statements="1" coveredstatements="1" elements="2" coveredelements="2"/>
      </class>
      <line num="21" type="method" name="__invoke" visibility="public" complexity="1" crap="1" count="1"/>
      <line num="23" type="stmt" count="1"/>
      <metrics loc="26" ncloc="14" classes="1" methods="1" coveredmethods="1" conditionals="0" coveredconditionals="0" statements="1" coveredstatements="1" elements="2" coveredelements="2"/>
    </file>
    <file name="/home/runner/work/DtoDragon/DtoDragon/src/Services/Extractor/DtoExtractor.php">
      <class name="DtoDragon\Services\Extractor\DtoExtractor" namespace="global">
        <metrics complexity="6" methods="3" coveredmethods="2" conditionals="0" coveredconditionals="0" statements="18" coveredstatements="17" elements="21" coveredelements="19"/>
      </class>
      <line num="29" type="method" name="__construct" visibility="public" complexity="1" crap="1" count="2"/>
      <line num="33" type="stmt" count="2"/>
      <line num="34" type="stmt" count="2"/>
      <line num="40" type="method" name="extract" visibility="public" complexity="3" crap="3.01" count="2"/>
      <line num="42" type="stmt" count="2"/>
      <line num="43" type="stmt" count="2"/>
      <line num="44" type="stmt" count="2"/>
      <line num="45" type="stmt" count="2"/>
      <line num="46" type="stmt" count="2"/>
      <line num="47" type="stmt" count="0"/>
      <line num="49" type="stmt" count="2"/>
      <line num="50" type="stmt" count="2"/>
      <line num="52" type="stmt" count="1"/>
      <line num="63" type="method" name="extractProperty" visibility="private" complexity="2" crap="2" count="2"/>
      <line num="66" type="stmt" count="2"/>
      <line num="67" type="stmt" count="2"/>
      <line num="69" type="stmt" count="2"/>
      <line num="70" type="stmt" count="1"/>
      <line num="71" type="stmt" count="1"/>
      <line num="73" type="stmt" count="1"/>
      <line num="76" type="stmt" count="1"/>
      <metrics loc="79" ncloc="56" classes="1" methods="3" coveredmethods="2" conditionals="0" coveredconditionals="0" statements="18" coveredstatements="17" elements="21" coveredelements="19"/>
    </file>
    <file name="/home/runner/work/DtoDragon/DtoDragon/src/Services/Extractor/DtoExtractorInterface.php">
      <metrics loc="25" ncloc="11" classes="0" methods="0" coveredmethods="0" conditionals="0" coveredconditionals="0" statements="0" coveredstatements="0" elements="0" coveredelements="0"/>
    </file>
    <file name="/home/runner/work/DtoDragon/DtoDragon/src/Services/Extractor/ExtractorFactory.php">
      <class name="DtoDragon\Services\Extractor\ExtractorFactory" namespace="global">
        <metrics complexity="1" methods="1" coveredmethods="0" conditionals="0" coveredconditionals="0" statements="3" coveredstatements="0" elements="4" coveredelements="0"/>
      </class>
      <line num="9" type="method" name="__invoke" visibility="public" complexity="1" crap="2" count="0"/>
      <line num="11" type="stmt" count="0"/>
      <line num="12" type="stmt" count="0"/>
      <line num="13" type="stmt" count="0"/>
      <metrics loc="16" ncloc="16" classes="1" methods="1" coveredmethods="0" conditionals="0" coveredconditionals="0" statements="3" coveredstatements="0" elements="4" coveredelements="0"/>
    </file>
    <file name="/home/runner/work/DtoDragon/DtoDragon/src/Services/Extractor/PropertyExtractors/AbstractPropertyExtractor.php">
      <class name="DtoDragon\Services\Extractor\PropertyExtractors\AbstractPropertyExtractor" namespace="global">
        <metrics complexity="1" methods="1" coveredmethods="0" conditionals="0" coveredconditionals="0" statements="1" coveredstatements="0" elements="2" coveredelements="0"/>
      </class>
      <line num="31" type="method" name="extract" visibility="public" complexity="1" crap="2" count="0"/>
      <line num="33" type="stmt" count="0"/>
      <metrics loc="36" ncloc="17" classes="1" methods="1" coveredmethods="0" conditionals="0" coveredconditionals="0" statements="1" coveredstatements="0" elements="2" coveredelements="0"/>
    </file>
    <file name="/home/runner/work/DtoDragon/DtoDragon/src/Services/Extractor/PropertyExtractors/CollectionPropertyExtractor.php">
      <class name="DtoDragon\Services\Extractor\PropertyExtractors\CollectionPropertyExtractor" namespace="global">
        <metrics complexity="3" methods="2" coveredmethods="0" conditionals="0" coveredconditionals="0" statements="5" coveredstatements="0" elements="7" coveredelements="0"/>
      </class>
      <line num="20" type="method" name="registeredType" visibility="public" complexity="1" crap="2" count="0"/>
      <line num="22" type="stmt" count="0"/>
      <line num="33" type="method" name="extract" visibility="public" complexity="2" crap="6" count="0"/>
      <line num="35" type="stmt" count="0"/>
      <line num="36" type="stmt" count="0"/>
      <line num="37" type="stmt" count="0"/>
      <line num="40" type="stmt" count="0"/>
      <metrics loc="43" ncloc="26" classes="1" methods="2" coveredmethods="0" conditionals="0" coveredconditionals="0" statements="5" coveredstatements="0" elements="7" coveredelements="0"/>
    </file>
    <file name="/home/runner/work/DtoDragon/DtoDragon/src/Services/Extractor/PropertyExtractors/DtoPropertyExtractor.php">
      <class name="DtoDragon\Services\Extractor\PropertyExtractors\DtoPropertyExtractor" namespace="global">
        <metrics complexity="3" methods="2" coveredmethods="0" conditionals="0" coveredconditionals="0" statements="5" coveredstatements="0" elements="7" coveredelements="0"/>
      </class>
      <line num="19" type="method" name="registeredType" visibility="public" complexity="1" crap="2" count="0"/>
      <line num="21" type="stmt" count="0"/>
      <line num="32" type="method" name="extract" visibility="public" complexity="2" crap="6" count="0"/>
      <line num="34" type="stmt" count="0"/>
      <line num="35" type="stmt" count="0"/>
      <line num="36" type="stmt" count="0"/>
      <line num="39" type="stmt" count="0"/>
      <metrics loc="42" ncloc="25" classes="1" methods="2" coveredmethods="0" conditionals="0" coveredconditionals="0" statements="5" coveredstatements="0" elements="7" coveredelements="0"/>
    </file>
    <file name="/home/runner/work/DtoDragon/DtoDragon/src/Services/Extractor/PropertyExtractors/PrimitivePropertyExtractor.php">
      <class name="DtoDragon\Services\Extractor\PropertyExtractors\PrimitivePropertyExtractor" namespace="global">
        <metrics complexity="1" methods="1" coveredmethods="0" conditionals="0" coveredconditionals="0" statements="1" coveredstatements="0" elements="2" coveredelements="0"/>
      </class>
      <line num="16" type="method" name="registeredType" visibility="public" complexity="1" crap="2" count="0"/>
      <line num="18" type="stmt" count="0"/>
      <metrics loc="21" ncloc="12" classes="1" methods="1" coveredmethods="0" conditionals="0" coveredconditionals="0" statements="1" coveredstatements="0" elements="2" coveredelements="0"/>
    </file>
    <file name="/home/runner/work/DtoDragon/DtoDragon/src/Services/Extractor/PropertyExtractors/PropertyExtractorInterface.php">
      <metrics loc="34" ncloc="14" classes="0" methods="0" coveredmethods="0" conditionals="0" coveredconditionals="0" statements="0" coveredstatements="0" elements="0" coveredelements="0"/>
    </file>
    <file name="/home/runner/work/DtoDragon/DtoDragon/src/Services/Extractor/PropertyOmitter.php">
      <class name="DtoDragon\Services\Extractor\PropertyOmitter" namespace="global">
        <metrics complexity="3" methods="3" coveredmethods="0" conditionals="0" coveredconditionals="0" statements="3" coveredstatements="0" elements="6" coveredelements="0"/>
      </class>
      <line num="9" type="method" name="__construct" visibility="public" complexity="1" crap="2" count="0"/>
      <line num="11" type="stmt" count="0"/>
      <line num="14" type="method" name="add" visibility="public" complexity="1" crap="2" count="0"/>
      <line num="16" type="stmt" count="0"/>
      <line num="19" type="method" name="omitted" visibility="public" complexity="1" crap="2" count="0"/>
      <line num="21" type="stmt" count="0"/>
      <metrics loc="24" ncloc="24" classes="1" methods="3" coveredmethods="0" conditionals="0" coveredconditionals="0" statements="3" coveredstatements="0" elements="6" coveredelements="0"/>
    </file>
    <file name="/home/runner/work/DtoDragon/DtoDragon/src/Services/Extractor/PropertyOmitterInterface.php">
      <metrics loc="11" ncloc="11" classes="0" methods="0" coveredmethods="0" conditionals="0" coveredconditionals="0" statements="0" coveredstatements="0" elements="0" coveredelements="0"/>
    </file>
    <file name="/home/runner/work/DtoDragon/DtoDragon/src/Services/Hydrator/DtoHydrator.php">
      <class name="DtoDragon\Services\Hydrator\DtoHydrator" namespace="global">
        <metrics complexity="10" methods="5" coveredmethods="4" conditionals="0" coveredconditionals="0" statements="25" coveredstatements="24" elements="30" coveredelements="28"/>
      </class>
      <line num="27" type="method" name="__construct" visibility="public" complexity="1" crap="1" count="5"/>
      <line num="29" type="stmt" count="5"/>
      <line num="40" type="method" name="hydrate" visibility="public" complexity="3" crap="3" count="5"/>
      <line num="42" type="stmt" count="5"/>
      <line num="43" type="stmt" count="5"/>
      <line num="44" type="stmt" count="5"/>
      <line num="45" type="stmt" count="5"/>
      <line num="46" type="stmt" count="5"/>
      <line num="47" type="stmt" count="1"/>
      <line num="49" type="stmt" count="5"/>
      <line num="50" type="stmt" count="5"/>
      <line num="52" type="stmt" count="3"/>
      <line num="64" type="method" name="hydrateProperty" visibility="private" complexity="4" crap="4.01" count="5"/>
      <line num="66" type="stmt" count="5"/>
      <line num="67" type="stmt" count="5"/>
      <line num="69" type="stmt" count="5"/>
      <line num="70" type="stmt" count="1"/>
      <line num="71" type="stmt" count="0"/>
      <line num="73" type="stmt" count="1"/>
      <line num="75" type="stmt" count="4"/>
      <line num="76" type="stmt" count="3"/>
      <line num="77" type="stmt" count="3"/>
      <line num="78" type="stmt" count="3"/>
      <line num="80" type="stmt" count="1"/>
      <line num="92" type="method" name="getPropertyValueFromDataArray" visibility="private" complexity="1" crap="1" count="5"/>
      <line num="94" type="stmt" count="5"/>
      <line num="104" type="method" name="getPropertyDataArrayKey" visibility="protected" complexity="1" crap="1" count="5"/>
      <line num="106" type="stmt" count="5"/>
      <line num="107" type="stmt" count="5"/>
      <line num="108" type="stmt" count="5"/>
      <metrics loc="111" ncloc="69" classes="1" methods="5" coveredmethods="4" conditionals="0" coveredconditionals="0" statements="25" coveredstatements="24" elements="30" coveredelements="28"/>
    </file>
    <file name="/home/runner/work/DtoDragon/DtoDragon/src/Services/Hydrator/DtoHydratorInterface.php">
      <metrics loc="25" ncloc="11" classes="0" methods="0" coveredmethods="0" conditionals="0" coveredconditionals="0" statements="0" coveredstatements="0" elements="0" coveredelements="0"/>
    </file>
    <file name="/home/runner/work/DtoDragon/DtoDragon/src/Services/Hydrator/HydratorFactory.php">
      <class name="DtoDragon\Services\Hydrator\HydratorFactory" namespace="global">
        <metrics complexity="1" methods="1" coveredmethods="0" conditionals="0" coveredconditionals="0" statements="2" coveredstatements="0" elements="3" coveredelements="0"/>
      </class>
      <line num="9" type="method" name="__invoke" visibility="public" complexity="1" crap="2" count="0"/>
      <line num="11" type="stmt" count="0"/>
      <line num="12" type="stmt" count="0"/>
      <metrics loc="15" ncloc="15" classes="1" methods="1" coveredmethods="0" conditionals="0" coveredconditionals="0" statements="2" coveredstatements="0" elements="3" coveredelements="0"/>
    </file>
    <file name="/home/runner/work/DtoDragon/DtoDragon/src/Services/Hydrator/PropertyHydrators/AbstractPropertyHydrator.php">
      <class name="DtoDragon\Services\Hydrator\PropertyHydrators\AbstractPropertyHydrator" namespace="global">
        <metrics complexity="1" methods="1" coveredmethods="0" conditionals="0" coveredconditionals="0" statements="1" coveredstatements="0" elements="2" coveredelements="0"/>
      </class>
      <line num="29" type="method" name="hydrate" visibility="public" complexity="1" crap="2" count="0"/>
      <line num="31" type="stmt" count="0"/>
      <metrics loc="34" ncloc="16" classes="1" methods="1" coveredmethods="0" conditionals="0" coveredconditionals="0" statements="1" coveredstatements="0" elements="2" coveredelements="0"/>
    </file>
    <file name="/home/runner/work/DtoDragon/DtoDragon/src/Services/Hydrator/PropertyHydrators/CollectionPropertyHydrator.php">
      <class name="DtoDragon\Services\Hydrator\PropertyHydrators\CollectionPropertyHydrator" namespace="global">
        <metrics complexity="3" methods="2" coveredmethods="0" conditionals="0" coveredconditionals="0" statements="8" coveredstatements="0" elements="10" coveredelements="0"/>
      </class>
      <line num="18" type="method" name="registeredType" visibility="public" complexity="1" crap="2" count="0"/>
      <line num="20" type="stmt" count="0"/>
      <line num="31" type="method" name="hydrate" visibility="public" complexity="2" crap="6" count="0"/>
      <line num="33" type="stmt" count="0"/>
      <line num="34" type="stmt" count="0"/>
      <line num="35" type="stmt" count="0"/>
      <line num="36" type="stmt" count="0"/>
      <line num="37" type="stmt" count="0"/>
      <line num="38" type="stmt" count="0"/>
      <line num="40" type="stmt" count="0"/>
      <metrics loc="43" ncloc="27" classes="1" methods="2" coveredmethods="0" conditionals="0" coveredconditionals="0" statements="8" coveredstatements="0" elements="10" coveredelements="0"/>
    </file>
    <file name="/home/runner/work/DtoDragon/DtoDragon/src/Services/Hydrator/PropertyHydrators/DtoPropertyHydrator.php">
      <class name="DtoDragon\Services\Hydrator\PropertyHydrators\DtoPropertyHydrator" namespace="global">
        <metrics complexity="2" methods="2" coveredmethods="0" conditionals="0" coveredconditionals="0" statements="3" coveredstatements="0" elements="5" coveredelements="0"/>
      </class>
      <line num="18" type="method" name="registeredType" visibility="public" complexity="1" crap="2" count="0"/>
      <line num="20" type="stmt" count="0"/>
      <line num="31" type="method" name="hydrate" visibility="public" complexity="1" crap="2" count="0"/>
      <line num="33" type="stmt" count="0"/>
      <line num="34" type="stmt" count="0"/>
      <metrics loc="37" ncloc="21" classes="1" methods="2" coveredmethods="0" conditionals="0" coveredconditionals="0" statements="3" coveredstatements="0" elements="5" coveredelements="0"/>
    </file>
    <file name="/home/runner/work/DtoDragon/DtoDragon/src/Services/Hydrator/PropertyHydrators/PrimitivePropertyHydrator.php">
      <class name="DtoDragon\Services\Hydrator\PropertyHydrators\PrimitivePropertyHydrator" namespace="global">
        <metrics complexity="1" methods="1" coveredmethods="0" conditionals="0" coveredconditionals="0" statements="1" coveredstatements="0" elements="2" coveredelements="0"/>
      </class>
      <line num="15" type="method" name="registeredType" visibility="public" complexity="1" crap="2" count="0"/>
      <line num="17" type="stmt" count="0"/>
      <metrics loc="20" ncloc="12" classes="1" methods="1" coveredmethods="0" conditionals="0" coveredconditionals="0" statements="1" coveredstatements="0" elements="2" coveredelements="0"/>
    </file>
    <file name="/home/runner/work/DtoDragon/DtoDragon/src/Services/Hydrator/PropertyHydrators/PropertyHydratorInterface.php">
      <metrics loc="35" ncloc="13" classes="0" methods="0" coveredmethods="0" conditionals="0" coveredconditionals="0" statements="0" coveredstatements="0" elements="0" coveredelements="0"/>
    </file>
    <file name="/home/runner/work/DtoDragon/DtoDragon/src/Services/ReflectorInterface.php">
      <metrics loc="39" ncloc="15" classes="0" methods="0" coveredmethods="0" conditionals="0" coveredconditionals="0" statements="0" coveredstatements="0" elements="0" coveredelements="0"/>
    </file>
    <file name="/home/runner/work/DtoDragon/DtoDragon/src/Services/Strategies/MatchNameStrategy.php">
      <class name="DtoDragon\Services\Strategies\MatchNameStrategy" namespace="global">
        <metrics complexity="2" methods="2" coveredmethods="2" conditionals="0" coveredconditionals="0" statements="2" coveredstatements="2" elements="4" coveredelements="4"/>
      </class>
      <line num="19" type="method" name="fieldToArrayKey" visibility="public" complexity="1" crap="1" count="4"/>
      <line num="21" type="stmt" count="4"/>
      <line num="31" type="method" name="arrayKeyToField" visibility="public" complexity="1" crap="1" count="4"/>
      <line num="33" type="stmt" count="4"/>
      <metrics loc="36" ncloc="17" classes="1" methods="2" coveredmethods="2" conditionals="0" coveredconditionals="0" statements="2" coveredstatements="2" elements="4" coveredelements="4"/>
    </file>
    <file name="/home/runner/work/DtoDragon/DtoDragon/src/Services/Strategies/NamingStrategyInterface.php">
      <metrics loc="25" ncloc="11" classes="0" methods="0" coveredmethods="0" conditionals="0" coveredconditionals="0" statements="0" coveredstatements="0" elements="0" coveredelements="0"/>
    </file>
    <file name="/home/runner/work/DtoDragon/DtoDragon/src/Singletons/DtoServiceProviderSingleton.php">
      <class name="DtoDragon\Singletons\DtoServiceProviderSingleton" namespace="global">
        <metrics complexity="6" methods="5" coveredmethods="5" conditionals="0" coveredconditionals="0" statements="14" coveredstatements="14" elements="19" coveredelements="19"/>
      </class>
      <line num="39" type="method" name="clear" visibility="public" complexity="1" crap="1" count="1"/>
      <line num="41" type="stmt" count="1"/>
      <line num="42" type="stmt" count="1"/>
      <line num="43" type="stmt" count="1"/>
      <line num="51" type="method" name="boot" visibility="public" complexity="2" crap="2" count="1"/>
      <line num="53" type="stmt" count="1"/>
      <line num="54" type="stmt" count="1"/>
      <line num="55" type="stmt" count="1"/>
      <line num="57" type="stmt" count="1"/>
      <line num="65" type="method" name="registerBasicPropertyHydrators" visibility="protected" complexity="1" crap="1" count="1"/>
      <line num="67" type="stmt" count="1"/>
      <line num="68" type="stmt" count="1"/>
      <line num="69" type="stmt" count="1"/>
      <line num="77" type="method" name="registerBasicPropertyExtractors" visibility="protected" complexity="1" crap="1" count="1"/>
      <line num="79" type="stmt" count="1"/>
      <line num="80" type="stmt" count="1"/>
      <line num="81" type="stmt" count="1"/>
      <line num="91" type="method" name="setBooted" visibility="public" complexity="1" crap="1" count="3"/>
      <line num="93" type="stmt" count="3"/>
      <metrics loc="96" ncloc="57" classes="1" methods="5" coveredmethods="5" conditionals="0" coveredconditionals="0" statements="14" coveredstatements="14" elements="19" coveredelements="19"/>
    </file>
    <file name="/home/runner/work/DtoDragon/DtoDragon/src/Singletons/NamingStrategySingleton.php">
      <class name="DtoDragon\Singletons\NamingStrategySingleton" namespace="global">
        <metrics complexity="2" methods="2" coveredmethods="2" conditionals="0" coveredconditionals="0" statements="2" coveredstatements="2" elements="4" coveredelements="4"/>
      </class>
      <line num="29" type="method" name="register" visibility="public" complexity="1" crap="1" count="2"/>
      <line num="31" type="stmt" count="2"/>
      <line num="39" type="method" name="get" visibility="public" complexity="1" crap="1" count="1"/>
      <line num="41" type="stmt" count="1"/>
      <metrics loc="44" ncloc="21" classes="1" methods="2" coveredmethods="2" conditionals="0" coveredconditionals="0" statements="2" coveredstatements="2" elements="4" coveredelements="4"/>
    </file>
    <file name="/home/runner/work/DtoDragon/DtoDragon/src/Singletons/PropertyExtractorsSingleton.php">
      <class name="DtoDragon\Singletons\PropertyExtractorsSingleton" namespace="global">
        <metrics complexity="14" methods="7" coveredmethods="7" conditionals="0" coveredconditionals="0" statements="23" coveredstatements="23" elements="30" coveredelements="30"/>
      </class>
      <line num="30" type="method" name="clear" visibility="public" complexity="1" crap="1" count="1"/>
      <line num="32" type="stmt" count="1"/>
      <line num="33" type="stmt" count="1"/>
      <line num="43" type="method" name="register" visibility="public" complexity="1" crap="1" count="6"/>
      <line num="45" type="stmt" count="6"/>
      <line num="55" type="method" name="hasPropertyExtractor" visibility="public" complexity="4" crap="4" count="6"/>
      <line num="57" type="stmt" count="6"/>
      <line num="58" type="stmt" count="6"/>
      <line num="59" type="stmt" count="1"/>
      <line num="60" type="stmt" count="5"/>
      <line num="61" type="stmt" count="1"/>
      <line num="64" type="stmt" count="4"/>
      <line num="65" type="stmt" count="2"/>
      <line num="67" type="stmt" count="2"/>
      <line num="78" type="method" name="getPropertyExtractor" visibility="public" complexity="4" crap="4" count="4"/>
      <line num="80" type="stmt" count="4"/>
      <line num="81" type="stmt" count="4"/>
      <line num="82" type="stmt" count="1"/>
      <line num="83" type="stmt" count="3"/>
      <line num="84" type="stmt" count="1"/>
      <line num="87" type="stmt" count="2"/>
      <line num="88" type="stmt" count="1"/>
      <line num="91" type="stmt" count="1"/>
      <line num="101" type="method" name="isDto" visibility="private" complexity="1" crap="1" count="8"/>
      <line num="103" type="stmt" count="8"/>
      <line num="113" type="method" name="isCollection" visibility="private" complexity="1" crap="1" count="6"/>
      <line num="115" type="stmt" count="6"/>
      <line num="118" type="method" name="mapPrimitives" visibility="protected" complexity="2" crap="2" count="8"/>
      <line num="120" type="stmt" count="8"/>
      <line num="127" type="stmt" count="8"/>
      <metrics loc="130" ncloc="78" classes="1" methods="7" coveredmethods="7" conditionals="0" coveredconditionals="0" statements="23" coveredstatements="23" elements="30" coveredelements="30"/>
    </file>
    <file name="/home/runner/work/DtoDragon/DtoDragon/src/Singletons/PropertyHydratorsSingleton.php">
      <class name="DtoDragon\Singletons\PropertyHydratorsSingleton" namespace="global">
        <metrics complexity="14" methods="7" coveredmethods="7" conditionals="0" coveredconditionals="0" statements="23" coveredstatements="23" elements="30" coveredelements="30"/>
      </class>
      <line num="30" type="method" name="clear" visibility="public" complexity="1" crap="1" count="1"/>
      <line num="32" type="stmt" count="1"/>
      <line num="33" type="stmt" count="1"/>
      <line num="43" type="method" name="register" visibility="public" complexity="1" crap="1" count="6"/>
      <line num="45" type="stmt" count="6"/>
      <line num="55" type="method" name="hasPropertyHydrator" visibility="public" complexity="4" crap="4" count="4"/>
      <line num="57" type="stmt" count="4"/>
      <line num="58" type="stmt" count="4"/>
      <line num="59" type="stmt" count="1"/>
      <line num="60" type="stmt" count="3"/>
      <line num="61" type="stmt" count="1"/>
      <line num="64" type="stmt" count="2"/>
      <line num="65" type="stmt" count="1"/>
      <line num="67" type="stmt" count="1"/>
      <line num="78" type="method" name="getPropertyHydrator" visibility="public" complexity="4" crap="4" count="4"/>
      <line num="80" type="stmt" count="4"/>
      <line num="81" type="stmt" count="4"/>
      <line num="82" type="stmt" count="1"/>
      <line num="83" type="stmt" count="3"/>
      <line num="84" type="stmt" count="1"/>
      <line num="87" type="stmt" count="2"/>
      <line num="88" type="stmt" count="1"/>
      <line num="91" type="stmt" count="1"/>
      <line num="101" type="method" name="isDto" visibility="private" complexity="1" crap="1" count="6"/>
      <line num="103" type="stmt" count="6"/>
      <line num="113" type="method" name="isCollection" visibility="private" complexity="1" crap="1" count="4"/>
      <line num="115" type="stmt" count="4"/>
      <line num="118" type="method" name="mapPrimitives" visibility="protected" complexity="2" crap="2" count="6"/>
      <line num="120" type="stmt" count="6"/>
      <line num="127" type="stmt" count="6"/>
      <metrics loc="130" ncloc="78" classes="1" methods="7" coveredmethods="7" conditionals="0" coveredconditionals="0" statements="23" coveredstatements="23" elements="30" coveredelements="30"/>
    </file>
    <file name="/home/runner/work/DtoDragon/DtoDragon/src/Singletons/Singleton.php">
      <class name="DtoDragon\Singletons\Singleton" namespace="global">
        <metrics complexity="2" methods="1" coveredmethods="1" conditionals="0" coveredconditionals="0" statements="4" coveredstatements="4" elements="5" coveredelements="5"/>
      </class>
      <line num="27" type="method" name="getInstance" visibility="public" complexity="2" crap="2" count="2"/>
      <line num="29" type="stmt" count="2"/>
      <line num="31" type="stmt" count="2"/>
      <line num="32" type="stmt" count="1"/>
      <line num="35" type="stmt" count="2"/>
      <metrics loc="38" ncloc="20" classes="1" methods="1" coveredmethods="1" conditionals="0" coveredconditionals="0" statements="4" coveredstatements="4" elements="5" coveredelements="5"/>
    </file>
    <metrics files="30" loc="1456" ncloc="831" classes="23" methods="65" coveredmethods="43" conditionals="0" coveredconditionals="0" statements="168" coveredstatements="127" elements="233" coveredelements="170"/>
  </project>
</coverage>
