<?xml version="1.0" encoding="UTF-8"?>
<coverage generated="1648885200">
  <project timestamp="1648885200">
    <file name="/home/runner/work/DtoDragon/DtoDragon/src/DataTransferObject.php">
      <class name="DtoDragon\DataTransferObject" namespace="global">
        <metrics complexity="5" methods="4" coveredmethods="4" conditionals="0" coveredconditionals="0" statements="20" coveredstatements="20" elements="24" coveredelements="24"/>
      </class>
      <line num="54" type="method" name="__construct" visibility="public" complexity="2" crap="2" count="26"/>
      <line num="56" type="stmt" count="26"/>
      <line num="57" type="stmt" count="26"/>
      <line num="58" type="stmt" count="26"/>
      <line num="59" type="stmt" count="26"/>
      <line num="60" type="stmt" count="26"/>
      <line num="61" type="stmt" count="26"/>
      <line num="62" type="stmt" count="25"/>
      <line num="71" type="method" name="registerBasicPropertyHydrators" visibility="private" complexity="1" crap="1" count="26"/>
      <line num="73" type="stmt" count="26"/>
      <line num="74" type="stmt" count="26"/>
      <line num="75" type="stmt" count="26"/>
      <line num="76" type="stmt" count="26"/>
      <line num="77" type="stmt" count="26"/>
      <line num="78" type="stmt" count="26"/>
      <line num="86" type="method" name="registerBasicPropertyExtractors" visibility="private" complexity="1" crap="1" count="26"/>
      <line num="88" type="stmt" count="26"/>
      <line num="89" type="stmt" count="26"/>
      <line num="90" type="stmt" count="26"/>
      <line num="91" type="stmt" count="26"/>
      <line num="92" type="stmt" count="26"/>
      <line num="93" type="stmt" count="26"/>
      <line num="101" type="method" name="toArray" visibility="public" complexity="1" crap="1" count="7"/>
      <line num="103" type="stmt" count="7"/>
      <metrics loc="106" ncloc="66" classes="1" methods="4" coveredmethods="4" conditionals="0" coveredconditionals="0" statements="20" coveredstatements="20" elements="24" coveredelements="24"/>
    </file>
    <file name="/home/runner/work/DtoDragon/DtoDragon/src/DataTransferObjectCollection.php">
      <class name="DtoDragon\DataTransferObjectCollection" namespace="global">
        <metrics complexity="9" methods="8" coveredmethods="8" conditionals="0" coveredconditionals="0" statements="12" coveredstatements="12" elements="20" coveredelements="20"/>
      </class>
      <line num="33" type="method" name="__construct" visibility="public" complexity="1" crap="1" count="19"/>
      <line num="35" type="stmt" count="19"/>
      <line num="36" type="stmt" count="19"/>
      <line num="51" type="method" name="current" visibility="public" complexity="1" crap="1" count="1"/>
      <line num="53" type="stmt" count="1"/>
      <line num="61" type="method" name="next" visibility="public" complexity="1" crap="1" count="5"/>
      <line num="63" type="stmt" count="5"/>
      <line num="71" type="method" name="key" visibility="public" complexity="1" crap="1" count="1"/>
      <line num="73" type="stmt" count="1"/>
      <line num="81" type="method" name="valid" visibility="public" complexity="1" crap="1" count="1"/>
      <line num="83" type="stmt" count="1"/>
      <line num="91" type="method" name="rewind" visibility="public" complexity="1" crap="1" count="1"/>
      <line num="93" type="stmt" count="1"/>
      <line num="101" type="method" name="items" visibility="public" complexity="1" crap="1" count="3"/>
      <line num="103" type="stmt" count="3"/>
      <line num="111" type="method" name="toArray" visibility="public" complexity="2" crap="2" count="5"/>
      <line num="113" type="stmt" count="5"/>
      <line num="114" type="stmt" count="5"/>
      <line num="115" type="stmt" count="5"/>
      <line num="117" type="stmt" count="5"/>
      <metrics loc="120" ncloc="60" classes="1" methods="8" coveredmethods="8" conditionals="0" coveredconditionals="0" statements="12" coveredstatements="12" elements="20" coveredelements="20"/>
    </file>
    <file name="/home/runner/work/DtoDragon/DtoDragon/src/Exceptions/NonNullablePropertyException.php">
      <class name="DtoDragon\Exceptions\NonNullablePropertyException" namespace="global">
        <metrics complexity="1" methods="1" coveredmethods="1" conditionals="0" coveredconditionals="0" statements="2" coveredstatements="2" elements="3" coveredelements="3"/>
      </class>
      <line num="22" type="method" name="__construct" visibility="public" complexity="1" crap="1" count="2"/>
      <line num="24" type="stmt" count="2"/>
      <line num="25" type="stmt" count="2"/>
      <metrics loc="30" ncloc="17" classes="1" methods="1" coveredmethods="1" conditionals="0" coveredconditionals="0" statements="2" coveredstatements="2" elements="3" coveredelements="3"/>
    </file>
    <file name="/home/runner/work/DtoDragon/DtoDragon/src/Exceptions/PropertyDataNotProvidedException.php">
      <class name="DtoDragon\Exceptions\PropertyDataNotProvidedException" namespace="global">
        <metrics complexity="1" methods="1" coveredmethods="1" conditionals="0" coveredconditionals="0" statements="3" coveredstatements="3" elements="4" coveredelements="4"/>
      </class>
      <line num="17" type="method" name="__construct" visibility="public" complexity="1" crap="1" count="2"/>
      <line num="19" type="stmt" count="2"/>
      <line num="22" type="stmt" count="2"/>
      <line num="24" type="stmt" count="2"/>
      <metrics loc="27" ncloc="19" classes="1" methods="1" coveredmethods="1" conditionals="0" coveredconditionals="0" statements="3" coveredstatements="3" elements="4" coveredelements="4"/>
    </file>
    <file name="/home/runner/work/DtoDragon/DtoDragon/src/Exceptions/PropertyHydratorNotFoundException.php">
      <class name="DtoDragon\Exceptions\PropertyHydratorNotFoundException" namespace="global">
        <metrics complexity="1" methods="1" coveredmethods="1" conditionals="0" coveredconditionals="0" statements="2" coveredstatements="2" elements="3" coveredelements="3"/>
      </class>
      <line num="22" type="method" name="__construct" visibility="public" complexity="1" crap="1" count="1"/>
      <line num="24" type="stmt" count="1"/>
      <line num="27" type="stmt" count="1"/>
      <metrics loc="30" ncloc="17" classes="1" methods="1" coveredmethods="1" conditionals="0" coveredconditionals="0" statements="2" coveredstatements="2" elements="3" coveredelements="3"/>
    </file>
    <file name="/home/runner/work/DtoDragon/DtoDragon/src/Singletons/PropertyExtractorsSingleton.php">
      <class name="DtoDragon\Singletons\PropertyExtractorsSingleton" namespace="global">
        <metrics complexity="11" methods="5" coveredmethods="4" conditionals="0" coveredconditionals="0" statements="17" coveredstatements="16" elements="22" coveredelements="20"/>
      </class>
      <line num="34" type="method" name="register" visibility="public" complexity="1" crap="1" count="27"/>
      <line num="36" type="stmt" count="27"/>
      <line num="46" type="method" name="hasPropertyExtractor" visibility="public" complexity="4" crap="4" count="11"/>
      <line num="48" type="stmt" count="11"/>
      <line num="49" type="stmt" count="6"/>
      <line num="50" type="stmt" count="11"/>
      <line num="51" type="stmt" count="6"/>
      <line num="54" type="stmt" count="11"/>
      <line num="55" type="stmt" count="10"/>
      <line num="57" type="stmt" count="1"/>
      <line num="68" type="method" name="getPropertyExtractor" visibility="public" complexity="4" crap="4.05" count="9"/>
      <line num="70" type="stmt" count="9"/>
      <line num="71" type="stmt" count="6"/>
      <line num="72" type="stmt" count="9"/>
      <line num="73" type="stmt" count="6"/>
      <line num="76" type="stmt" count="9"/>
      <line num="77" type="stmt" count="9"/>
      <line num="80" type="stmt" count="0"/>
      <line num="90" type="method" name="isDto" visibility="private" complexity="1" crap="1" count="11"/>
      <line num="92" type="stmt" count="11"/>
      <line num="102" type="method" name="isCollection" visibility="private" complexity="1" crap="1" count="11"/>
      <line num="104" type="stmt" count="11"/>
      <metrics loc="107" ncloc="58" classes="1" methods="5" coveredmethods="4" conditionals="0" coveredconditionals="0" statements="17" coveredstatements="16" elements="22" coveredelements="20"/>
    </file>
    <file name="/home/runner/work/DtoDragon/DtoDragon/src/Singletons/PropertyHydratorsSingleton.php">
      <class name="DtoDragon\Singletons\PropertyHydratorsSingleton" namespace="global">
        <metrics complexity="11" methods="5" coveredmethods="5" conditionals="0" coveredconditionals="0" statements="17" coveredstatements="17" elements="22" coveredelements="22"/>
      </class>
      <line num="34" type="method" name="register" visibility="public" complexity="1" crap="1" count="29"/>
      <line num="36" type="stmt" count="29"/>
      <line num="46" type="method" name="hasPropertyHydrator" visibility="public" complexity="4" crap="4" count="25"/>
      <line num="48" type="stmt" count="25"/>
      <line num="49" type="stmt" count="6"/>
      <line num="50" type="stmt" count="25"/>
      <line num="51" type="stmt" count="9"/>
      <line num="54" type="stmt" count="25"/>
      <line num="55" type="stmt" count="24"/>
      <line num="57" type="stmt" count="1"/>
      <line num="68" type="method" name="getPropertyHydrator" visibility="public" complexity="4" crap="4" count="27"/>
      <line num="70" type="stmt" count="27"/>
      <line num="71" type="stmt" count="7"/>
      <line num="72" type="stmt" count="26"/>
      <line num="73" type="stmt" count="10"/>
      <line num="76" type="stmt" count="25"/>
      <line num="77" type="stmt" count="24"/>
      <line num="80" type="stmt" count="1"/>
      <line num="90" type="method" name="isDto" visibility="private" complexity="1" crap="1" count="27"/>
      <line num="92" type="stmt" count="27"/>
      <line num="102" type="method" name="isCollection" visibility="private" complexity="1" crap="1" count="26"/>
      <line num="104" type="stmt" count="26"/>
      <metrics loc="107" ncloc="58" classes="1" methods="5" coveredmethods="5" conditionals="0" coveredconditionals="0" statements="17" coveredstatements="17" elements="22" coveredelements="22"/>
    </file>
    <file name="/home/runner/work/DtoDragon/DtoDragon/src/Singletons/Singleton.php">
      <class name="DtoDragon\Singletons\Singleton" namespace="global">
        <metrics complexity="2" methods="1" coveredmethods="1" conditionals="0" coveredconditionals="0" statements="4" coveredstatements="4" elements="5" coveredelements="5"/>
      </class>
      <line num="29" type="method" name="getInstance" visibility="public" complexity="2" crap="2" count="33"/>
      <line num="31" type="stmt" count="33"/>
      <line num="33" type="stmt" count="33"/>
      <line num="34" type="stmt" count="1"/>
      <line num="37" type="stmt" count="33"/>
      <metrics loc="40" ncloc="20" classes="1" methods="1" coveredmethods="1" conditionals="0" coveredconditionals="0" statements="4" coveredstatements="4" elements="5" coveredelements="5"/>
    </file>
    <file name="/home/runner/work/DtoDragon/DtoDragon/src/Utilities/DtoReflector.php">
      <class name="DtoDragon\Utilities\DtoReflector" namespace="global">
        <metrics complexity="6" methods="6" coveredmethods="5" conditionals="0" coveredconditionals="0" statements="9" coveredstatements="7" elements="15" coveredelements="12"/>
      </class>
      <line num="37" type="method" name="__construct" visibility="public" complexity="1" crap="1" count="26"/>
      <line num="39" type="stmt" count="26"/>
      <line num="40" type="stmt" count="26"/>
      <line num="48" type="method" name="getDto" visibility="public" complexity="1" crap="1" count="24"/>
      <line num="50" type="stmt" count="24"/>
      <line num="56" type="method" name="getProperties" visibility="public" complexity="1" crap="1" count="26"/>
      <line num="58" type="stmt" count="26"/>
      <line num="64" type="method" name="getPropertyValue" visibility="public" complexity="1" crap="2" count="0"/>
      <line num="66" type="stmt" count="0"/>
      <line num="67" type="stmt" count="0"/>
      <line num="73" type="method" name="setPropertyValue" visibility="public" complexity="1" crap="1" count="23"/>
      <line num="75" type="stmt" count="23"/>
      <line num="76" type="stmt" count="23"/>
      <line num="86" type="method" name="propertyIsNullable" visibility="public" complexity="1" crap="1" count="8"/>
      <line num="88" type="stmt" count="8"/>
      <metrics loc="91" ncloc="48" classes="1" methods="6" coveredmethods="5" conditionals="0" coveredconditionals="0" statements="9" coveredstatements="7" elements="15" coveredelements="12"/>
    </file>
    <file name="/home/runner/work/DtoDragon/DtoDragon/src/Utilities/DtoReflectorFactory.php">
      <class name="DtoDragon\Utilities\DtoReflectorFactory" namespace="global">
        <metrics complexity="2" methods="2" coveredmethods="2" conditionals="0" coveredconditionals="0" statements="2" coveredstatements="2" elements="4" coveredelements="4"/>
      </class>
      <line num="28" type="method" name="__construct" visibility="public" complexity="1" crap="1" count="26"/>
      <line num="30" type="stmt" count="26"/>
      <line num="38" type="method" name="create" visibility="public" complexity="1" crap="1" count="26"/>
      <line num="40" type="stmt" count="26"/>
      <metrics loc="43" ncloc="21" classes="1" methods="2" coveredmethods="2" conditionals="0" coveredconditionals="0" statements="2" coveredstatements="2" elements="4" coveredelements="4"/>
    </file>
    <file name="/home/runner/work/DtoDragon/DtoDragon/src/Utilities/Extractor/DtoExtractor.php">
      <class name="DtoDragon\Utilities\Extractor\DtoExtractor" namespace="global">
        <metrics complexity="7" methods="4" coveredmethods="2" conditionals="0" coveredconditionals="0" statements="15" coveredstatements="12" elements="19" coveredelements="14"/>
      </class>
      <line num="30" type="method" name="__construct" visibility="public" complexity="1" crap="1" count="26"/>
      <line num="32" type="stmt" count="26"/>
      <line num="38" type="method" name="extract" visibility="public" complexity="2" crap="2" count="8"/>
      <line num="40" type="stmt" count="8"/>
      <line num="41" type="stmt" count="8"/>
      <line num="42" type="stmt" count="8"/>
      <line num="43" type="stmt" count="8"/>
      <line num="45" type="stmt" count="8"/>
      <line num="56" type="method" name="extractProperty" visibility="private" complexity="2" crap="2.01" count="8"/>
      <line num="59" type="stmt" count="8"/>
      <line num="60" type="stmt" count="8"/>
      <line num="62" type="stmt" count="8"/>
      <line num="63" type="stmt" count="8"/>
      <line num="64" type="stmt" count="8"/>
      <line num="66" type="stmt" count="0"/>
      <line num="69" type="stmt" count="8"/>
      <line num="80" type="method" name="isNestedDto" visibility="private" complexity="2" crap="6" count="0"/>
      <line num="82" type="stmt" count="0"/>
      <line num="83" type="stmt" count="0"/>
      <metrics loc="86" ncloc="54" classes="1" methods="4" coveredmethods="2" conditionals="0" coveredconditionals="0" statements="15" coveredstatements="12" elements="19" coveredelements="14"/>
    </file>
    <file name="/home/runner/work/DtoDragon/DtoDragon/src/Utilities/Extractor/DtoExtractorInterface.php">
      <metrics loc="23" ncloc="9" classes="0" methods="0" coveredmethods="0" conditionals="0" coveredconditionals="0" statements="0" coveredstatements="0" elements="0" coveredelements="0"/>
    </file>
    <file name="/home/runner/work/DtoDragon/DtoDragon/src/Utilities/Extractor/PropertyExtractors/AbstractPropertyExtractor.php">
      <class name="DtoDragon\Utilities\Extractor\PropertyExtractors\AbstractPropertyExtractor" namespace="global">
        <metrics complexity="1" methods="1" coveredmethods="1" conditionals="0" coveredconditionals="0" statements="1" coveredstatements="1" elements="2" coveredelements="2"/>
      </class>
      <line num="33" type="method" name="extract" visibility="public" complexity="1" crap="1" count="8"/>
      <line num="35" type="stmt" count="8"/>
      <metrics loc="38" ncloc="17" classes="1" methods="1" coveredmethods="1" conditionals="0" coveredconditionals="0" statements="1" coveredstatements="1" elements="2" coveredelements="2"/>
    </file>
    <file name="/home/runner/work/DtoDragon/DtoDragon/src/Utilities/Extractor/PropertyExtractors/ArrayPropertyExtractor.php">
      <class name="DtoDragon\Utilities\Extractor\PropertyExtractors\ArrayPropertyExtractor" namespace="global">
        <metrics complexity="1" methods="1" coveredmethods="1" conditionals="0" coveredconditionals="0" statements="1" coveredstatements="1" elements="2" coveredelements="2"/>
      </class>
      <line num="18" type="method" name="registeredType" visibility="public" complexity="1" crap="1" count="26"/>
      <line num="20" type="stmt" count="26"/>
      <metrics loc="23" ncloc="12" classes="1" methods="1" coveredmethods="1" conditionals="0" coveredconditionals="0" statements="1" coveredstatements="1" elements="2" coveredelements="2"/>
    </file>
    <file name="/home/runner/work/DtoDragon/DtoDragon/src/Utilities/Extractor/PropertyExtractors/CollectionPropertyExtractor.php">
      <class name="DtoDragon\Utilities\Extractor\PropertyExtractors\CollectionPropertyExtractor" namespace="global">
        <metrics complexity="3" methods="2" coveredmethods="2" conditionals="0" coveredconditionals="0" statements="5" coveredstatements="5" elements="7" coveredelements="7"/>
      </class>
      <line num="22" type="method" name="registeredType" visibility="public" complexity="1" crap="1" count="26"/>
      <line num="24" type="stmt" count="26"/>
      <line num="35" type="method" name="extract" visibility="public" complexity="2" crap="2" count="6"/>
      <line num="37" type="stmt" count="6"/>
      <line num="38" type="stmt" count="6"/>
      <line num="39" type="stmt" count="2"/>
      <line num="42" type="stmt" count="4"/>
      <metrics loc="45" ncloc="26" classes="1" methods="2" coveredmethods="2" conditionals="0" coveredconditionals="0" statements="5" coveredstatements="5" elements="7" coveredelements="7"/>
    </file>
    <file name="/home/runner/work/DtoDragon/DtoDragon/src/Utilities/Extractor/PropertyExtractors/DtoPropertyExtractor.php">
      <class name="DtoDragon\Utilities\Extractor\PropertyExtractors\DtoPropertyExtractor" namespace="global">
        <metrics complexity="3" methods="2" coveredmethods="2" conditionals="0" coveredconditionals="0" statements="5" coveredstatements="5" elements="7" coveredelements="7"/>
      </class>
      <line num="21" type="method" name="registeredType" visibility="public" complexity="1" crap="1" count="26"/>
      <line num="23" type="stmt" count="26"/>
      <line num="34" type="method" name="extract" visibility="public" complexity="2" crap="2" count="6"/>
      <line num="36" type="stmt" count="6"/>
      <line num="37" type="stmt" count="6"/>
      <line num="38" type="stmt" count="4"/>
      <line num="41" type="stmt" count="2"/>
      <metrics loc="44" ncloc="25" classes="1" methods="2" coveredmethods="2" conditionals="0" coveredconditionals="0" statements="5" coveredstatements="5" elements="7" coveredelements="7"/>
    </file>
    <file name="/home/runner/work/DtoDragon/DtoDragon/src/Utilities/Extractor/PropertyExtractors/FloatPropertyExtractor.php">
      <class name="DtoDragon\Utilities\Extractor\PropertyExtractors\FloatPropertyExtractor" namespace="global">
        <metrics complexity="1" methods="1" coveredmethods="1" conditionals="0" coveredconditionals="0" statements="1" coveredstatements="1" elements="2" coveredelements="2"/>
      </class>
      <line num="18" type="method" name="registeredType" visibility="public" complexity="1" crap="1" count="26"/>
      <line num="20" type="stmt" count="26"/>
      <metrics loc="23" ncloc="12" classes="1" methods="1" coveredmethods="1" conditionals="0" coveredconditionals="0" statements="1" coveredstatements="1" elements="2" coveredelements="2"/>
    </file>
    <file name="/home/runner/work/DtoDragon/DtoDragon/src/Utilities/Extractor/PropertyExtractors/IntegerPropertyExtractor.php">
      <class name="DtoDragon\Utilities\Extractor\PropertyExtractors\IntegerPropertyExtractor" namespace="global">
        <metrics complexity="1" methods="1" coveredmethods="1" conditionals="0" coveredconditionals="0" statements="1" coveredstatements="1" elements="2" coveredelements="2"/>
      </class>
      <line num="18" type="method" name="registeredType" visibility="public" complexity="1" crap="1" count="26"/>
      <line num="20" type="stmt" count="26"/>
      <metrics loc="23" ncloc="12" classes="1" methods="1" coveredmethods="1" conditionals="0" coveredconditionals="0" statements="1" coveredstatements="1" elements="2" coveredelements="2"/>
    </file>
    <file name="/home/runner/work/DtoDragon/DtoDragon/src/Utilities/Extractor/PropertyExtractors/PropertyExtractorInterface.php">
      <metrics loc="36" ncloc="14" classes="0" methods="0" coveredmethods="0" conditionals="0" coveredconditionals="0" statements="0" coveredstatements="0" elements="0" coveredelements="0"/>
    </file>
    <file name="/home/runner/work/DtoDragon/DtoDragon/src/Utilities/Extractor/PropertyExtractors/StringPropertyExtractor.php">
      <class name="DtoDragon\Utilities\Extractor\PropertyExtractors\StringPropertyExtractor" namespace="global">
        <metrics complexity="1" methods="1" coveredmethods="1" conditionals="0" coveredconditionals="0" statements="1" coveredstatements="1" elements="2" coveredelements="2"/>
      </class>
      <line num="18" type="method" name="registeredType" visibility="public" complexity="1" crap="1" count="26"/>
      <line num="20" type="stmt" count="26"/>
      <metrics loc="23" ncloc="12" classes="1" methods="1" coveredmethods="1" conditionals="0" coveredconditionals="0" statements="1" coveredstatements="1" elements="2" coveredelements="2"/>
    </file>
    <file name="/home/runner/work/DtoDragon/DtoDragon/src/Utilities/Hydrator/DtoHydrator.php">
      <class name="DtoDragon\Utilities\Hydrator\DtoHydrator" namespace="global">
        <metrics complexity="11" methods="5" coveredmethods="4" conditionals="0" coveredconditionals="0" statements="24" coveredstatements="23" elements="29" coveredelements="27"/>
      </class>
      <line num="36" type="method" name="__construct" visibility="public" complexity="1" crap="1" count="26"/>
      <line num="38" type="stmt" count="26"/>
      <line num="48" type="method" name="hydrate" visibility="public" complexity="2" crap="2" count="26"/>
      <line num="50" type="stmt" count="26"/>
      <line num="51" type="stmt" count="26"/>
      <line num="52" type="stmt" count="26"/>
      <line num="53" type="stmt" count="25"/>
      <line num="55" type="stmt" count="22"/>
      <line num="67" type="method" name="hydrateProperty" visibility="private" complexity="4" crap="4.01" count="25"/>
      <line num="69" type="stmt" count="25"/>
      <line num="70" type="stmt" count="25"/>
      <line num="72" type="stmt" count="25"/>
      <line num="73" type="stmt" count="8"/>
      <line num="74" type="stmt" count="6"/>
      <line num="76" type="stmt" count="8"/>
      <line num="78" type="stmt" count="23"/>
      <line num="79" type="stmt" count="23"/>
      <line num="80" type="stmt" count="23"/>
      <line num="81" type="stmt" count="23"/>
      <line num="83" type="stmt" count="0"/>
      <line num="95" type="method" name="getPropertyValueFromDataArray" visibility="private" complexity="2" crap="2" count="26"/>
      <line num="97" type="stmt" count="26"/>
      <line num="98" type="stmt" count="26"/>
      <line num="99" type="stmt" count="25"/>
      <line num="114" type="method" name="validatePropertyDataProvided" visibility="private" complexity="2" crap="2" count="26"/>
      <line num="116" type="stmt" count="26"/>
      <line num="117" type="stmt" count="2"/>
      <line num="119" type="stmt" count="2"/>
      <line num="123" type="stmt" count="25"/>
      <metrics loc="126" ncloc="73" classes="1" methods="5" coveredmethods="4" conditionals="0" coveredconditionals="0" statements="24" coveredstatements="23" elements="29" coveredelements="27"/>
    </file>
    <file name="/home/runner/work/DtoDragon/DtoDragon/src/Utilities/Hydrator/DtoHydratorInterface.php">
      <metrics loc="26" ncloc="11" classes="0" methods="0" coveredmethods="0" conditionals="0" coveredconditionals="0" statements="0" coveredstatements="0" elements="0" coveredelements="0"/>
    </file>
    <file name="/home/runner/work/DtoDragon/DtoDragon/src/Utilities/Hydrator/PropertyHydrators/AbstractPropertyHydrator.php">
      <class name="DtoDragon\Utilities\Hydrator\PropertyHydrators\AbstractPropertyHydrator" namespace="global">
        <metrics complexity="1" methods="1" coveredmethods="1" conditionals="0" coveredconditionals="0" statements="1" coveredstatements="1" elements="2" coveredelements="2"/>
      </class>
      <line num="31" type="method" name="hydrate" visibility="public" complexity="1" crap="1" count="23"/>
      <line num="33" type="stmt" count="23"/>
      <metrics loc="36" ncloc="16" classes="1" methods="1" coveredmethods="1" conditionals="0" coveredconditionals="0" statements="1" coveredstatements="1" elements="2" coveredelements="2"/>
    </file>
    <file name="/home/runner/work/DtoDragon/DtoDragon/src/Utilities/Hydrator/PropertyHydrators/ArrayPropertyHydrator.php">
      <class name="DtoDragon\Utilities\Hydrator\PropertyHydrators\ArrayPropertyHydrator" namespace="global">
        <metrics complexity="1" methods="1" coveredmethods="1" conditionals="0" coveredconditionals="0" statements="1" coveredstatements="1" elements="2" coveredelements="2"/>
      </class>
      <line num="18" type="method" name="registeredType" visibility="public" complexity="1" crap="1" count="26"/>
      <line num="20" type="stmt" count="26"/>
      <metrics loc="23" ncloc="12" classes="1" methods="1" coveredmethods="1" conditionals="0" coveredconditionals="0" statements="1" coveredstatements="1" elements="2" coveredelements="2"/>
    </file>
    <file name="/home/runner/work/DtoDragon/DtoDragon/src/Utilities/Hydrator/PropertyHydrators/CollectionPropertyHydrator.php">
      <class name="DtoDragon\Utilities\Hydrator\PropertyHydrators\CollectionPropertyHydrator" namespace="global">
        <metrics complexity="3" methods="2" coveredmethods="2" conditionals="0" coveredconditionals="0" statements="8" coveredstatements="8" elements="10" coveredelements="10"/>
      </class>
      <line num="20" type="method" name="registeredType" visibility="public" complexity="1" crap="1" count="27"/>
      <line num="22" type="stmt" count="27"/>
      <line num="33" type="method" name="hydrate" visibility="public" complexity="2" crap="2" count="9"/>
      <line num="35" type="stmt" count="9"/>
      <line num="36" type="stmt" count="9"/>
      <line num="37" type="stmt" count="9"/>
      <line num="38" type="stmt" count="9"/>
      <line num="39" type="stmt" count="9"/>
      <line num="40" type="stmt" count="9"/>
      <line num="42" type="stmt" count="9"/>
      <metrics loc="45" ncloc="27" classes="1" methods="2" coveredmethods="2" conditionals="0" coveredconditionals="0" statements="8" coveredstatements="8" elements="10" coveredelements="10"/>
    </file>
    <file name="/home/runner/work/DtoDragon/DtoDragon/src/Utilities/Hydrator/PropertyHydrators/DtoPropertyHydrator.php">
      <class name="DtoDragon\Utilities\Hydrator\PropertyHydrators\DtoPropertyHydrator" namespace="global">
        <metrics complexity="2" methods="2" coveredmethods="2" conditionals="0" coveredconditionals="0" statements="3" coveredstatements="3" elements="5" coveredelements="5"/>
      </class>
      <line num="20" type="method" name="registeredType" visibility="public" complexity="1" crap="1" count="27"/>
      <line num="22" type="stmt" count="27"/>
      <line num="33" type="method" name="hydrate" visibility="public" complexity="1" crap="1" count="6"/>
      <line num="35" type="stmt" count="6"/>
      <line num="36" type="stmt" count="6"/>
      <metrics loc="39" ncloc="21" classes="1" methods="2" coveredmethods="2" conditionals="0" coveredconditionals="0" statements="3" coveredstatements="3" elements="5" coveredelements="5"/>
    </file>
    <file name="/home/runner/work/DtoDragon/DtoDragon/src/Utilities/Hydrator/PropertyHydrators/FloatPropertyHydrator.php">
      <class name="DtoDragon\Utilities\Hydrator\PropertyHydrators\FloatPropertyHydrator" namespace="global">
        <metrics complexity="1" methods="1" coveredmethods="1" conditionals="0" coveredconditionals="0" statements="1" coveredstatements="1" elements="2" coveredelements="2"/>
      </class>
      <line num="18" type="method" name="registeredType" visibility="public" complexity="1" crap="1" count="26"/>
      <line num="20" type="stmt" count="26"/>
      <metrics loc="23" ncloc="12" classes="1" methods="1" coveredmethods="1" conditionals="0" coveredconditionals="0" statements="1" coveredstatements="1" elements="2" coveredelements="2"/>
    </file>
    <file name="/home/runner/work/DtoDragon/DtoDragon/src/Utilities/Hydrator/PropertyHydrators/IntegerPropertyHydrator.php">
      <class name="DtoDragon\Utilities\Hydrator\PropertyHydrators\IntegerPropertyHydrator" namespace="global">
        <metrics complexity="1" methods="1" coveredmethods="1" conditionals="0" coveredconditionals="0" statements="1" coveredstatements="1" elements="2" coveredelements="2"/>
      </class>
      <line num="18" type="method" name="registeredType" visibility="public" complexity="1" crap="1" count="26"/>
      <line num="20" type="stmt" count="26"/>
      <metrics loc="23" ncloc="12" classes="1" methods="1" coveredmethods="1" conditionals="0" coveredconditionals="0" statements="1" coveredstatements="1" elements="2" coveredelements="2"/>
    </file>
    <file name="/home/runner/work/DtoDragon/DtoDragon/src/Utilities/Hydrator/PropertyHydrators/PropertyHydratorInterface.php">
      <metrics loc="37" ncloc="13" classes="0" methods="0" coveredmethods="0" conditionals="0" coveredconditionals="0" statements="0" coveredstatements="0" elements="0" coveredelements="0"/>
    </file>
    <file name="/home/runner/work/DtoDragon/DtoDragon/src/Utilities/Hydrator/PropertyHydrators/StringPropertyHydrator.php">
      <class name="DtoDragon\Utilities\Hydrator\PropertyHydrators\StringPropertyHydrator" namespace="global">
        <metrics complexity="1" methods="1" coveredmethods="1" conditionals="0" coveredconditionals="0" statements="1" coveredstatements="1" elements="2" coveredelements="2"/>
      </class>
      <line num="18" type="method" name="registeredType" visibility="public" complexity="1" crap="1" count="26"/>
      <line num="20" type="stmt" count="26"/>
      <metrics loc="23" ncloc="12" classes="1" methods="1" coveredmethods="1" conditionals="0" coveredconditionals="0" statements="1" coveredstatements="1" elements="2" coveredelements="2"/>
    </file>
    <file name="/home/runner/work/DtoDragon/DtoDragon/src/Utilities/ReflectorInterface.php">
      <metrics loc="41" ncloc="15" classes="0" methods="0" coveredmethods="0" conditionals="0" coveredconditionals="0" statements="0" coveredstatements="0" elements="0" coveredelements="0"/>
    </file>
    <metrics files="31" loc="1507" ncloc="801" classes="26" methods="61" coveredmethods="56" conditionals="0" coveredconditionals="0" statements="158" coveredstatements="151" elements="219" coveredelements="207"/>
  </project>
</coverage>
